<?xml version="1.0" encoding="UTF-8"?>
<!-- Generated by org.testng.reporters.JUnitReportReporter -->
<testsuite hostname="DESKTOP-2TC5V0K" failures="0" tests="3" name="practice.TestNG" time="0.011" errors="0" timestamp="2023-06-21T18:52:13 EDT" skipped="0">
  <testcase classname="practice.TestNG" name="Writetestcases" time="0.009"/>
  <testcase classname="practice.TestNG" name="defectlog" time="0.001"/>
  <testcase classname="practice.TestNG" name="executetestcases" time="0.001"/>
</testsuite> <!-- practice.TestNG -->
